<?xml version="1.0" encoding="UTF-8"?>
<!-- Generated by org.testng.reporters.JUnitXMLReporter -->
<testsuite ignored="0" hostname="LAPTOP-UQUN4SJ5" failures="0" tests="3" name="Default test" time="0.026" errors="0" timestamp="16 May 2022 09:34:19 GMT">
  <testcase classname="testngsession.DependsonMethodConcept" name="homePageTest" time="0.007"/>
  <testcase classname="testngsession.DependsonMethodConcept" name="searchTest" time="0.001"/>
  <testcase classname="testngsession.DependsonMethodConcept" name="addToCartTest" time="0.001"/>
</testsuite> <!-- Default test -->
